1691405850571	geckodriver	INFO	Listening on 127.0.0.1:39369
1691405850619	mozrunner::runner	INFO	Running command: MOZ_CRASHREPORTER="1" MOZ_CRASHREPORTER_NO_REPORT="1" MOZ_CRASHREPORTER_SHUTDOWN="1" MOZ_NO_REMOTE="1" "/usr ... te" "--remote-debugging-port" "46935" "--remote-allow-hosts" "localhost" "-no-remote" "-profile" "/tmp/rust_mozprofileM4dhbD"
ATTENTION: default value of option mesa_glthread overridden by environment.
ATTENTION: default value of option mesa_glthread overridden by environment.
ATTENTION: default value of option mesa_glthread overridden by environment.
ATTENTION: default value of option mesa_glthread overridden by environment.
1691405852789	Marionette	INFO	Marionette enabled
console.warn: SearchSettings: "get: No settings file exists, new profile?" (new NotFoundError("Could not open the file at /tmp/rust_mozprofileM4dhbD/search.json.mozlz4", (void 0)))
DevTools listening on ws://localhost:46935/devtools/browser/31f828df-4ded-47ba-9542-4e3ff9299602
1691405860685	Marionette	INFO	Listening on port 33891
Read port: 33891
1691405860879	RemoteAgent	WARN	TLS certificate errors will be ignored for this session
1691405864424	geckodriver	INFO	Listening on 127.0.0.1:48161
1691405864994	mozrunner::runner	INFO	Running command: MOZ_CRASHREPORTER="1" MOZ_CRASHREPORTER_NO_REPORT="1" MOZ_CRASHREPORTER_SHUTDOWN="1" MOZ_NO_REMOTE="1" "/usr ... te" "--remote-debugging-port" "55149" "--remote-allow-hosts" "localhost" "-no-remote" "-profile" "/tmp/rust_mozprofileMBAemh"
ATTENTION: default value of option mesa_glthread overridden by environment.
ATTENTION: default value of option mesa_glthread overridden by environment.
ATTENTION: default value of option mesa_glthread overridden by environment.
ATTENTION: default value of option mesa_glthread overridden by environment.
1691405865564	Marionette	INFO	Marionette enabled
console.warn: SearchSettings: "get: No settings file exists, new profile?" (new NotFoundError("Could not open the file at /tmp/rust_mozprofileMBAemh/search.json.mozlz4", (void 0)))
DevTools listening on ws://localhost:55149/devtools/browser/eb2bc568-c436-4ad4-b5e7-e500dff618a9
1691405867849	Marionette	INFO	Listening on port 45907
Read port: 45907
1691405867969	RemoteAgent	WARN	TLS certificate errors will be ignored for this session
console.warn: LoginRecipes: "getRecipes: falling back to a synchronous message for:" "https://admin-demo.nopcommerce.com"
console.warn: LoginRecipes: "getRecipes: falling back to a synchronous message for:" "https://admin-demo.nopcommerce.com"
JavaScript error: resource://gre/modules/LoginManagerParent.jsm, line 136: TypeError: gRecipeManager is null
1691405872749	Marionette	INFO	Stopped listening on port 45907
JavaScript error: https://admin-demo.nopcommerce.com/lib_npm/jquery/jquery.min.js?v=LO1ZLwpRUE4YpyjPJfd6yZIfA9I, line 2: NS_ERROR_NOT_INITIALIZED: 

###!!! [Parent][PImageBridgeParent] Error: RunMessage(msgname=PImageBridge::Msg_WillClose) Channel closing: too late to send/recv, messages will be lost

1691405885431	Marionette	INFO	Stopped listening on port 33891
1691406050691	geckodriver	INFO	Listening on 127.0.0.1:55567
1691406050721	mozrunner::runner	INFO	Running command: MOZ_CRASHREPORTER="1" MOZ_CRASHREPORTER_NO_REPORT="1" MOZ_CRASHREPORTER_SHUTDOWN="1" MOZ_NO_REMOTE="1" "/usr ... te" "--remote-debugging-port" "47539" "--remote-allow-hosts" "localhost" "-no-remote" "-profile" "/tmp/rust_mozprofileOe2ohH"
ATTENTION: default value of option mesa_glthread overridden by environment.
ATTENTION: default value of option mesa_glthread overridden by environment.
ATTENTION: default value of option mesa_glthread overridden by environment.
ATTENTION: default value of option mesa_glthread overridden by environment.
1691406051273	Marionette	INFO	Marionette enabled
console.warn: SearchSettings: "get: No settings file exists, new profile?" (new NotFoundError("Could not open the file at /tmp/rust_mozprofileOe2ohH/search.json.mozlz4", (void 0)))
DevTools listening on ws://localhost:47539/devtools/browser/6c44d5a6-f3a7-4e55-bd76-b3ca0a95ab80
1691406053598	Marionette	INFO	Listening on port 46547
Read port: 46547
1691406053698	RemoteAgent	WARN	TLS certificate errors will be ignored for this session
1691406055663	geckodriver	INFO	Listening on 127.0.0.1:51035
1691406056224	mozrunner::runner	INFO	Running command: MOZ_CRASHREPORTER="1" MOZ_CRASHREPORTER_NO_REPORT="1" MOZ_CRASHREPORTER_SHUTDOWN="1" MOZ_NO_REMOTE="1" "/usr ... te" "--remote-debugging-port" "59621" "--remote-allow-hosts" "localhost" "-no-remote" "-profile" "/tmp/rust_mozprofileRz6lBG"
ATTENTION: default value of option mesa_glthread overridden by environment.
ATTENTION: default value of option mesa_glthread overridden by environment.
ATTENTION: default value of option mesa_glthread overridden by environment.
ATTENTION: default value of option mesa_glthread overridden by environment.
1691406056787	Marionette	INFO	Marionette enabled
console.warn: SearchSettings: "get: No settings file exists, new profile?" (new NotFoundError("Could not open the file at /tmp/rust_mozprofileRz6lBG/search.json.mozlz4", (void 0)))
DevTools listening on ws://localhost:59621/devtools/browser/bca06031-f504-414b-8b10-fee228f1196a
1691406059501	Marionette	INFO	Listening on port 41919
Read port: 41919
1691406059545	RemoteAgent	WARN	TLS certificate errors will be ignored for this session
console.warn: LoginRecipes: "getRecipes: falling back to a synchronous message for:" "https://admin-demo.nopcommerce.com"
console.warn: LoginRecipes: "getRecipes: falling back to a synchronous message for:" "https://admin-demo.nopcommerce.com"
JavaScript error: resource://gre/modules/LoginManagerParent.jsm, line 136: TypeError: gRecipeManager is null
1691406065204	Marionette	INFO	Stopped listening on port 41919
JavaScript error: https://admin-demo.nopcommerce.com/lib_npm/jquery/jquery.min.js?v=LO1ZLwpRUE4YpyjPJfd6yZIfA9I, line 2: NS_ERROR_NOT_INITIALIZED: 

###!!! [Parent][PContentParent] Error: Send(msgname=PContent::Msg_DestroyBrowsingContextGroup) Closed channel: cannot send/recv


###!!! [Parent][PImageBridgeParent] Error: RunMessage(msgname=PImageBridge::Msg_WillClose) Channel closing: too late to send/recv, messages will be lost

1691406085198	Marionette	INFO	Stopped listening on port 46547
1691406113394	geckodriver	INFO	Listening on 127.0.0.1:41041
1691406113423	mozrunner::runner	INFO	Running command: MOZ_CRASHREPORTER="1" MOZ_CRASHREPORTER_NO_REPORT="1" MOZ_CRASHREPORTER_SHUTDOWN="1" MOZ_NO_REMOTE="1" "/usr ... te" "--remote-debugging-port" "46137" "--remote-allow-hosts" "localhost" "-no-remote" "-profile" "/tmp/rust_mozprofileYhMAfj"
ATTENTION: default value of option mesa_glthread overridden by environment.
ATTENTION: default value of option mesa_glthread overridden by environment.
ATTENTION: default value of option mesa_glthread overridden by environment.
ATTENTION: default value of option mesa_glthread overridden by environment.
1691406114069	Marionette	INFO	Marionette enabled
console.warn: SearchSettings: "get: No settings file exists, new profile?" (new NotFoundError("Could not open the file at /tmp/rust_mozprofileYhMAfj/search.json.mozlz4", (void 0)))
DevTools listening on ws://localhost:46137/devtools/browser/58752086-929d-4dfa-9d82-a977dee47a72
1691406116754	Marionette	INFO	Listening on port 39853
Read port: 39853
1691406116839	RemoteAgent	WARN	TLS certificate errors will be ignored for this session
1691406121135	geckodriver	INFO	Listening on 127.0.0.1:44643
1691406121663	mozrunner::runner	INFO	Running command: MOZ_CRASHREPORTER="1" MOZ_CRASHREPORTER_NO_REPORT="1" MOZ_CRASHREPORTER_SHUTDOWN="1" MOZ_NO_REMOTE="1" "/usr ... te" "--remote-debugging-port" "35721" "--remote-allow-hosts" "localhost" "-no-remote" "-profile" "/tmp/rust_mozprofileRBro4p"
ATTENTION: default value of option mesa_glthread overridden by environment.
ATTENTION: default value of option mesa_glthread overridden by environment.
ATTENTION: default value of option mesa_glthread overridden by environment.
ATTENTION: default value of option mesa_glthread overridden by environment.
1691406122209	Marionette	INFO	Marionette enabled
console.warn: SearchSettings: "get: No settings file exists, new profile?" (new NotFoundError("Could not open the file at /tmp/rust_mozprofileRBro4p/search.json.mozlz4", (void 0)))
DevTools listening on ws://localhost:35721/devtools/browser/e76bec28-2e79-4076-809d-40efe52723af
1691406124667	Marionette	INFO	Listening on port 42265
Read port: 42265
1691406124805	RemoteAgent	WARN	TLS certificate errors will be ignored for this session
console.warn: LoginRecipes: "getRecipes: falling back to a synchronous message for:" "https://admin-demo.nopcommerce.com"
console.warn: LoginRecipes: "getRecipes: falling back to a synchronous message for:" "https://admin-demo.nopcommerce.com"
JavaScript error: resource://gre/modules/LoginManagerParent.jsm, line 136: TypeError: gRecipeManager is null
1691406133082	Marionette	INFO	Stopped listening on port 42265
1691406138300	Marionette	INFO	Stopped listening on port 39853

###!!! [Parent][PImageBridgeParent] Error: RunMessage(msgname=PImageBridge::Msg_WillClose) Channel closing: too late to send/recv, messages will be lost

1691416625974	geckodriver	INFO	Listening on 127.0.0.1:57613
1691416626047	mozrunner::runner	INFO	Running command: MOZ_CRASHREPORTER="1" MOZ_CRASHREPORTER_NO_REPORT="1" MOZ_CRASHREPORTER_SHUTDOWN="1" MOZ_NO_REMOTE="1" "/usr ... te" "--remote-debugging-port" "60287" "--remote-allow-hosts" "localhost" "-no-remote" "-profile" "/tmp/rust_mozprofile2NpEWT"
ATTENTION: default value of option mesa_glthread overridden by environment.
ATTENTION: default value of option mesa_glthread overridden by environment.
1691416626502	geckodriver	INFO	Listening on 127.0.0.1:51787
ATTENTION: default value of option mesa_glthread overridden by environment.
1691416626532	mozrunner::runner	INFO	Running command: MOZ_CRASHREPORTER="1" MOZ_CRASHREPORTER_NO_REPORT="1" MOZ_CRASHREPORTER_SHUTDOWN="1" MOZ_NO_REMOTE="1" "/usr ... te" "--remote-debugging-port" "39737" "--remote-allow-hosts" "localhost" "-no-remote" "-profile" "/tmp/rust_mozprofiledvHRcb"
ATTENTION: default value of option mesa_glthread overridden by environment.
1691416626593	Marionette	INFO	Marionette enabled
ATTENTION: default value of option mesa_glthread overridden by environment.
ATTENTION: default value of option mesa_glthread overridden by environment.
ATTENTION: default value of option mesa_glthread overridden by environment.
ATTENTION: default value of option mesa_glthread overridden by environment.
1691416627116	Marionette	INFO	Marionette enabled
console.warn: SearchSettings: "get: No settings file exists, new profile?" (new NotFoundError("Could not open the file at /tmp/rust_mozprofile2NpEWT/search.json.mozlz4", (void 0)))
console.warn: SearchSettings: "get: No settings file exists, new profile?" (new NotFoundError("Could not open the file at /tmp/rust_mozprofiledvHRcb/search.json.mozlz4", (void 0)))
DevTools listening on ws://localhost:60287/devtools/browser/184943cc-7841-4ce9-bcd7-97c0f8a62385
1691416629008	Marionette	INFO	Listening on port 35919
Read port: 35919
1691416629154	RemoteAgent	WARN	TLS certificate errors will be ignored for this session
DevTools listening on ws://localhost:39737/devtools/browser/5e79d038-7f9f-46ce-b2ed-2b481d139519
1691416630011	Marionette	INFO	Listening on port 35467
Read port: 35467
1691416630061	RemoteAgent	WARN	TLS certificate errors will be ignored for this session
console.warn: LoginRecipes: "getRecipes: falling back to a synchronous message for:" "https://admin-demo.nopcommerce.com"
console.warn: LoginRecipes: "getRecipes: falling back to a synchronous message for:" "https://admin-demo.nopcommerce.com"
JavaScript error: resource://gre/modules/LoginManagerParent.jsm, line 136: TypeError: gRecipeManager is null
1691416636581	Marionette	INFO	Stopped listening on port 35467

###!!! [Parent][PContentParent] Error: Send(msgname=PContent::Msg_DestroyBrowsingContextGroup) Closed channel: cannot send/recv


###!!! [Child][PContentChild] Error: RunMessage(msgname=PHttpChannel::Msg_DeleteSelf) Channel closing: too late to send/recv, messages will be lost


###!!! [Parent][PImageBridgeParent] Error: RunMessage(msgname=PImageBridge::Msg_WillClose) Channel closing: too late to send/recv, messages will be lost

1691416639537	Marionette	INFO	Stopped listening on port 35919

###!!! [Parent][PImageBridgeParent] Error: RunMessage(msgname=PImageBridge::Msg_WillClose) Channel closing: too late to send/recv, messages will be lost

